A Iris-setosa (1.4,0.2)
B Iris-setosa (1.4,0.2)
C Iris-setosa (1.3,0.2)
B Iris-setosa (1.5,0.2)
C Iris-setosa (1.4,0.2)
A Iris-setosa (1.7,0.4)
C Iris-setosa (1.4,0.3)
C Iris-setosa (1.5,0.2)
A Iris-setosa (1.4,0.2)
A Iris-setosa (1.5,0.1)
A Iris-setosa (1.5,0.2)
C Iris-setosa (1.6,0.2)
C Iris-setosa (1.4,0.1)
C Iris-setosa (1.1,0.1)
A Iris-setosa (1.2,0.2)
C Iris-setosa (1.5,0.4)
C Iris-setosa (1.3,0.4)
A Iris-setosa (1.4,0.3)
C Iris-setosa (1.7,0.3)
B Iris-setosa (1.5,0.3)
B Iris-setosa (1.7,0.2)
A Iris-setosa (1.5,0.4)
A Iris-setosa (1,0.2)
B Iris-setosa (1.7,0.5)
C Iris-setosa (1.9,0.2)
A Iris-setosa (1.6,0.2)
B Iris-setosa (1.6,0.4)
B Iris-setosa (1.5,0.2)
B Iris-setosa (1.4,0.2)
B Iris-setosa (1.6,0.2)
C Iris-setosa (1.6,0.2)
B Iris-setosa (1.5,0.4)
B Iris-setosa (1.5,0.1)
C Iris-setosa (1.4,0.2)
C Iris-setosa (1.5,0.1)
B Iris-setosa (1.2,0.2)
A Iris-setosa (1.3,0.2)
A Iris-setosa (1.5,0.1)
B Iris-setosa (1.3,0.2)
C Iris-setosa (1.5,0.2)
A Iris-setosa (1.3,0.3)
B Iris-setosa (1.3,0.3)
C Iris-setosa (1.3,0.2)
C Iris-setosa (1.6,0.6)
A Iris-setosa (1.9,0.4)
B Iris-setosa (1.4,0.3)
A Iris-setosa (1.6,0.2)
A Iris-setosa (1.4,0.2)
A Iris-setosa (1.5,0.2)
B Iris-setosa (1.4,0.2)
C Iris-versicolor (4.7,1.4)
A Iris-versicolor (4.5,1.5)
C Iris-versicolor (4.9,1.5)
A Iris-versicolor (4,1.3)
C Iris-versicolor (4.6,1.5)
C Iris-versicolor (4.5,1.3)
A Iris-versicolor (4.7,1.6)
C Iris-versicolor (3.3,1)
C Iris-versicolor (4.6,1.3)
A Iris-versicolor (3.9,1.4)
C Iris-versicolor (3.5,1)
B Iris-versicolor (4.2,1.5)
C Iris-versicolor (4,1)
C Iris-versicolor (4.7,1.4)
B Iris-versicolor (3.6,1.3)
C Iris-versicolor (4.4,1.4)
A Iris-versicolor (4.5,1.5)
C Iris-versicolor (4.1,1)
B Iris-versicolor (4.5,1.5)
C Iris-versicolor (3.9,1.1)
A Iris-versicolor (4.8,1.8)
B Iris-versicolor (4,1.3)
C Iris-versicolor (4.9,1.5)
C Iris-versicolor (4.7,1.2)
A Iris-versicolor (4.3,1.3)
C Iris-versicolor (4.4,1.4)
C Iris-versicolor (4.8,1.4)
A Iris-versicolor (5,1.7)
C Iris-versicolor (4.5,1.5)
A Iris-versicolor (3.5,1)
C Iris-versicolor (3.8,1.1)
B Iris-versicolor (3.7,1)
B Iris-versicolor (3.9,1.2)
C Iris-versicolor (5.1,1.6)
A Iris-versicolor (4.5,1.5)
B Iris-versicolor (4.5,1.6)
C Iris-versicolor (4.7,1.5)
C Iris-versicolor (4.4,1.3)
A Iris-versicolor (4.1,1.3)
A Iris-versicolor (4,1.3)
C Iris-versicolor (4.4,1.2)
C Iris-versicolor (4.6,1.4)
C Iris-versicolor (4,1.2)
A Iris-versicolor (3.3,1)
B Iris-versicolor (4.2,1.3)
A Iris-versicolor (4.2,1.2)
A Iris-versicolor (4.2,1.3)
C Iris-versicolor (4.3,1.3)
B Iris-versicolor (3,1.1)
B Iris-versicolor (4.1,1.3)
B Iris-virginica (6,2.5)
A Iris-virginica (5.1,1.9)
A Iris-virginica (5.9,2.1)
C Iris-virginica (5.6,1.8)
A Iris-virginica (5.8,2.2)
B Iris-virginica (6.6,2.1)
B Iris-virginica (4.5,1.7)
B Iris-virginica (6.3,1.8)
C Iris-virginica (5.8,1.8)
B Iris-virginica (6.1,2.5)
A Iris-virginica (5.1,2)
B Iris-virginica (5.3,1.9)
A Iris-virginica (5.5,2.1)
B Iris-virginica (5,2)
B Iris-virginica (5.1,2.4)
B Iris-virginica (5.3,2.3)
C Iris-virginica (5.5,1.8)
A Iris-virginica (6.7,2.2)
B Iris-virginica (6.9,2.3)
C Iris-virginica (5,1.5)
B Iris-virginica (5.7,2.3)
B Iris-virginica (4.9,2)
B Iris-virginica (6.7,2)
B Iris-virginica (4.9,1.8)
C Iris-virginica (5.7,2.1)
A Iris-virginica (6,1.8)
B Iris-virginica (4.8,1.8)
A Iris-virginica (4.9,1.8)
A Iris-virginica (5.6,2.1)
C Iris-virginica (5.8,1.6)
C Iris-virginica (6.1,1.9)
A Iris-virginica (6.4,2)
A Iris-virginica (5.6,2.2)
C Iris-virginica (5.1,1.5)
A Iris-virginica (5.6,1.4)
B Iris-virginica (6.1,2.3)
B Iris-virginica (5.6,2.4)
A Iris-virginica (5.5,1.8)
A Iris-virginica (4.8,1.8)
A Iris-virginica (5.4,2.1)
B Iris-virginica (5.6,2.4)
B Iris-virginica (5.1,2.3)
B Iris-virginica (5.1,1.9)
B Iris-virginica (5.9,2.3)
B Iris-virginica (5.7,2.5)
B Iris-virginica (5.2,2.3)
A Iris-virginica (5,1.9)
A Iris-virginica (5.2,2)
B Iris-virginica (5.4,2.3)
A Iris-virginica (5.1,1.8)
